<?xml version="1.0" encoding="UTF-8"?>
<coverage generated="1660816435429" clover="3.2.0">
  <project timestamp="1660816435429" name="All files">
    <metrics statements="26" coveredstatements="25" conditionals="4" coveredconditionals="3" methods="9" coveredmethods="9" elements="39" coveredelements="37" complexity="0" loc="26" ncloc="26" packages="1" files="2" classes="2"/>
    <file name="TodoArray.js" path="C:\Users\Duane David\Desktop\Microverse Projects\To-Do-List\src\modules\TodoArray.js">
      <metrics statements="23" coveredstatements="22" conditionals="4" coveredconditionals="3" methods="8" coveredmethods="8"/>
      <line num="3" count="1" type="cond" truecount="2" falsecount="0"/>
      <line num="7" count="3" type="stmt"/>
      <line num="8" count="3" type="stmt"/>
      <line num="12" count="1" type="stmt"/>
      <line num="13" count="1" type="stmt"/>
      <line num="14" count="2" type="stmt"/>
      <line num="16" count="1" type="stmt"/>
      <line num="20" count="1" type="cond" truecount="1" falsecount="1"/>
      <line num="21" count="0" type="stmt"/>
      <line num="23" count="1" type="stmt"/>
      <line num="25" count="1" type="stmt"/>
      <line num="26" count="2" type="stmt"/>
      <line num="28" count="1" type="stmt"/>
      <line num="32" count="13" type="stmt"/>
      <line num="36" count="1" type="stmt"/>
      <line num="37" count="1" type="stmt"/>
      <line num="38" count="2" type="stmt"/>
      <line num="40" count="1" type="stmt"/>
      <line num="44" count="2" type="stmt"/>
      <line num="45" count="1" type="stmt"/>
      <line num="46" count="1" type="stmt"/>
      <line num="47" count="1" type="stmt"/>
      <line num="49" count="1" type="stmt"/>
    </file>
    <file name="TodoItem.js" path="C:\Users\Duane David\Desktop\Microverse Projects\To-Do-List\src\modules\TodoItem.js">
      <metrics statements="3" coveredstatements="3" conditionals="0" coveredconditionals="0" methods="1" coveredmethods="1"/>
      <line num="3" count="3" type="stmt"/>
      <line num="4" count="3" type="stmt"/>
      <line num="5" count="3" type="stmt"/>
    </file>
  </project>
</coverage>
