TN:
SF:src\modules\TodoArray.js
FN:2,(anonymous_0)
FN:6,(anonymous_1)
FN:11,(anonymous_2)
FN:19,(anonymous_3)
FN:31,(anonymous_4)
FN:35,(anonymous_5)
FN:43,(anonymous_6)
FN:44,(anonymous_7)
FNF:8
FNH:8
FNDA:1,(anonymous_0)
FNDA:3,(anonymous_1)
FNDA:1,(anonymous_2)
FNDA:1,(anonymous_3)
FNDA:13,(anonymous_4)
FNDA:1,(anonymous_5)
FNDA:1,(anonymous_6)
FNDA:2,(anonymous_7)
DA:3,1
DA:7,3
DA:8,3
DA:12,1
DA:13,1
DA:14,2
DA:16,1
DA:20,1
DA:21,0
DA:23,1
DA:25,1
DA:26,2
DA:28,1
DA:32,13
DA:36,1
DA:37,1
DA:38,2
DA:40,1
DA:44,2
DA:45,1
DA:46,1
DA:47,1
DA:49,1
LF:23
LH:22
BRDA:3,0,0,1
BRDA:3,0,1,1
BRDA:20,1,0,0
BRDA:20,1,1,1
BRF:4
BRH:3
end_of_record
TN:
SF:src\modules\TodoItem.js
FN:2,(anonymous_0)
FNF:1
FNH:1
FNDA:3,(anonymous_0)
DA:3,3
DA:4,3
DA:5,3
LF:3
LH:3
BRF:0
BRH:0
end_of_record
